#
# There is insufficient memory for the Java Runtime Environment to continue.
# Native memory allocation (malloc) failed to allocate 81616 bytes for Chunk::new
# Possible reasons:
#   The system is out of physical RAM or swap space
#   The process is running with CompressedOops enabled, and the Java Heap may be blocking the growth of the native heap
# Possible solutions:
#   Reduce memory load on the system
#   Increase physical memory or swap space
#   Check if swap backing store is full
#   Decrease Java heap size (-Xmx/-Xms)
#   Decrease number of Java threads
#   Decrease Java thread stack sizes (-Xss)
#   Set larger code cache with -XX:ReservedCodeCacheSize=
#   JVM is running with Zero Based Compressed Oops mode in which the Java heap is
#     placed in the first 32GB address space. The Java Heap base address is the
#     maximum limit for the native heap growth. Please use -XX:HeapBaseMinAddress
#     to set the Java Heap base and to place the Java Heap above 32GB virtual address.
# This output file may be truncated or incomplete.
#
#  Out of Memory Error (./open/src/hotspot/share/memory/arena.cpp:195), pid=27928, tid=28452
#
# JRE version: Java(TM) SE Runtime Environment (15.0.1+9) (build 15.0.1+9-18)
# Java VM: Java HotSpot(TM) 64-Bit Server VM (15.0.1+9-18, mixed mode, sharing, tiered, compressed oops, g1 gc, windows-amd64)
# No core dump will be written. Minidumps are not enabled by default on client versions of Windows
#

---------------  S U M M A R Y ------------

Command Line: -ea -Didea.test.cyclic.buffer.size=1048576 -Didea.launcher.port=61821 -Didea.launcher.bin.path=D:\IntelliJ IDEA 2019.3.5\bin -Dfile.encoding=UTF-8 com.intellij.rt.execution.application.AppMainV2 com.intellij.rt.junit.JUnitStarter -ideVersion5 -junit4 StudentMapperTest,InsertStudentTest

Host: Intel(R) Core(TM) i7-9700 CPU @ 3.00GHz, 8 cores, 15G,  Windows 10 , 64 bit Build 18362 (10.0.18362.1350)
Time: Tue Mar 16 20:47:59 2021 ?D1¨²¡À¨º¡Á?¨º¡À?? elapsed time: 0.437618 seconds (0d 0h 0m 0s)

---------------  T H R E A D  ---------------

Current thread (0x0000020cd1aa7160):  JavaThread "C2 CompilerThread0" daemon [_thread_in_native, id=28452, stack(0x0000006d7a000000,0x0000006d7a100000)]


Current CompileTask:
C2:    437  834       4       java.lang.AbstractStringBuilder::append (77 bytes)

Stack: [0x0000006d7a000000,0x0000006d7a100000]
Native frames: (J=compiled Java code, j=interpreted, Vv=VM code, C=native code)
V  [jvm.dll+0x62ae9a]
V  [jvm.dll+0x781389]
V  [jvm.dll+0x782ae3]
V  [jvm.dll+0x783143]
V  [jvm.dll+0x216265]
V  [jvm.dll+0x97efa]
V  [jvm.dll+0x985dc]
V  [jvm.dll+0x32e4c8]
V  [jvm.dll+0x2f78aa]
V  [jvm.dll+0x2f6c6a]
V  [jvm.dll+0x1ea645]
V  [jvm.dll+0x1e98ae]
V  [jvm.dll+0x1784c7]
V  [jvm.dll+0x1f9165]
V  [jvm.dll+0x1f720c]
V  [jvm.dll+0x74485d]
V  [jvm.dll+0x73d65a]
V  [jvm.dll+0x629c56]
C  [ucrtbase.dll+0x210b2]
C  [KERNEL32.DLL+0x17c24]
C  [ntdll.dll+0x6d721]


---------------  P R O C E S S  ---------------

Threads class SMR info:
_java_thread_list=0x0000020cd23b08d0, length=14, elements={
0x0000020cadc135f0, 0x0000020cd1a814f0, 0x0000020cd1a820c0, 0x0000020cd1aa2f00,
0x0000020cd1aa58d0, 0x0000020cd1aa6380, 0x0000020cd1aa7160, 0x0000020cd1aa8d10,
0x0000020cd1aab810, 0x0000020cd1bf0f10, 0x0000020cd1bfceb0, 0x0000020cd1c01780,
0x0000020cd23e0010, 0x0000020cd22848b0
}

Java Threads: ( => current thread )
  0x0000020cadc135f0 JavaThread "main" [_thread_in_vm, id=39340, stack(0x0000006d79400000,0x0000006d79500000)]
  0x0000020cd1a814f0 JavaThread "Reference Handler" daemon [_thread_blocked, id=28000, stack(0x0000006d79b00000,0x0000006d79c00000)]
  0x0000020cd1a820c0 JavaThread "Finalizer" daemon [_thread_blocked, id=37044, stack(0x0000006d79c00000,0x0000006d79d00000)]
  0x0000020cd1aa2f00 JavaThread "Signal Dispatcher" daemon [_thread_blocked, id=38248, stack(0x0000006d79d00000,0x0000006d79e00000)]
  0x0000020cd1aa58d0 JavaThread "Attach Listener" daemon [_thread_blocked, id=36448, stack(0x0000006d79e00000,0x0000006d79f00000)]
  0x0000020cd1aa6380 JavaThread "Service Thread" daemon [_thread_blocked, id=34616, stack(0x0000006d79f00000,0x0000006d7a000000)]
=>0x0000020cd1aa7160 JavaThread "C2 CompilerThread0" daemon [_thread_in_native, id=28452, stack(0x0000006d7a000000,0x0000006d7a100000)]
  0x0000020cd1aa8d10 JavaThread "C1 CompilerThread0" daemon [_thread_in_vm, id=23712, stack(0x0000006d7a100000,0x0000006d7a200000)]
  0x0000020cd1aab810 JavaThread "Sweeper thread" daemon [_thread_blocked, id=37432, stack(0x0000006d7a200000,0x0000006d7a300000)]
  0x0000020cd1bf0f10 JavaThread "Notification Thread" daemon [_thread_blocked, id=39632, stack(0x0000006d7a300000,0x0000006d7a400000)]
  0x0000020cd1bfceb0 JavaThread "Common-Cleaner" daemon [_thread_blocked, id=32776, stack(0x0000006d7a500000,0x0000006d7a600000)]
  0x0000020cd1c01780 JavaThread "Monitor Ctrl-Break" daemon [_thread_in_native, id=29188, stack(0x0000006d7a600000,0x0000006d7a700000)]
  0x0000020cd23e0010 JavaThread "C2 CompilerThread1" daemon [_thread_in_native, id=39256, stack(0x0000006d7a700000,0x0000006d7a800000)]
  0x0000020cd22848b0 JavaThread "C2 CompilerThread2" daemon [_thread_in_native, id=35712, stack(0x0000006d7a800000,0x0000006d7a900000)]

Other Threads:
  0x0000020cd127eb00 VMThread "VM Thread" [stack: 0x0000006d79a00000,0x0000006d79b00000] [id=34048]
  0x0000020cd1bfb9f0 WatcherThread [stack: 0x0000006d7a400000,0x0000006d7a500000] [id=32252]
  0x0000020cadc66190 GCTaskThread "GC Thread#0" [stack: 0x0000006d79500000,0x0000006d79600000] [id=38408]
  0x0000020cadc771e0 ConcurrentGCThread "G1 Main Marker" [stack: 0x0000006d79600000,0x0000006d79700000] [id=31320]
  0x0000020cadc785f0 ConcurrentGCThread "G1 Conc#0" [stack: 0x0000006d79700000,0x0000006d79800000] [id=35912]
  0x0000020cadccc7e0 ConcurrentGCThread "G1 Refine#0" [stack: 0x0000006d79800000,0x0000006d79900000] [id=37160]
  0x0000020cd1102580 ConcurrentGCThread "G1 Young RemSet Sampling" [stack: 0x0000006d79900000,0x0000006d79a00000] [id=37880]

Threads with active compile tasks:
C2 CompilerThread0      450  834       4       java.lang.AbstractStringBuilder::append (77 bytes)
C1 CompilerThread0      450  882       3       sun.net.util.URLUtil::urlNoFragString (114 bytes)
C2 CompilerThread1      450  857       4       jdk.internal.icu.impl.Norm2AllModes$Normalizer2WithImpl::getDecomposition (9 bytes)
C2 CompilerThread2      450  859       4       jdk.internal.icu.impl.NormalizerImpl::getDecomposition (143 bytes)

VM state: not at safepoint (normal execution)

VM Mutex/Monitor currently owned by a thread: None

Heap address: 0x0000000702800000, size: 4056 MB, Compressed Oops mode: Zero based, Oop shift amount: 3
CDS archive(s) mapped at: [0x0000000800000000-0x0000000800b50000-0x0000000800b50000), size 11862016, SharedBaseAddress: 0x0000000800000000, ArchiveRelocationMode: 0.
Compressed class space mapped at: 0x0000000800b50000-0x0000000840b50000, size: 1073741824
Narrow klass base: 0x0000000800000000, Narrow klass shift: 3, Narrow klass range: 0x100000000

GC Precious Log:
 CPUs: 8 total, 8 available
 Memory: 16218M
 Large Page Support: Disabled
 NUMA Support: Disabled
 Compressed Oops: Enabled (Zero based)
 Heap Region Size: 2M
 Heap Min Capacity: 8M
 Heap Initial Capacity: 254M
 Heap Max Capacity: 4056M
 Pre-touch: Disabled
 Parallel Workers: 8
 Concurrent Workers: 2
 Concurrent Refinement Workers: 8
 Periodic GC: Disabled

Heap:
 garbage-first heap   total 260096K, used 12288K [0x0000000702800000, 0x0000000800000000)
  region size 2048K, 7 young (14336K), 0 survivors (0K)
 Metaspace       used 6498K, capacity 6691K, committed 6784K, reserved 1069056K
  class space    used 735K, capacity 822K, committed 896K, reserved 1048576K

Heap Regions: E=young(eden), S=young(survivor), O=old, HS=humongous(starts), HC=humongous(continues), CS=collection set, F=free, OA=open archive, CA=closed archive, TAMS=top-at-mark-start (previous, next)
|   0|0x0000000702800000, 0x0000000702800000, 0x0000000702a00000|  0%| F|  |TAMS 0x0000000702800000, 0x0000000702800000| Untracked 
|   1|0x0000000702a00000, 0x0000000702a00000, 0x0000000702c00000|  0%| F|  |TAMS 0x0000000702a00000, 0x0000000702a00000| Untracked 
|   2|0x0000000702c00000, 0x0000000702c00000, 0x0000000702e00000|  0%| F|  |TAMS 0x0000000702c00000, 0x0000000702c00000| Untracked 
|   3|0x0000000702e00000, 0x0000000702e00000, 0x0000000703000000|  0%| F|  |TAMS 0x0000000702e00000, 0x0000000702e00000| Untracked 
|   4|0x0000000703000000, 0x0000000703000000, 0x0000000703200000|  0%| F|  |TAMS 0x0000000703000000, 0x0000000703000000| Untracked 
|   5|0x0000000703200000, 0x0000000703200000, 0x0000000703400000|  0%| F|  |TAMS 0x0000000703200000, 0x0000000703200000| Untracked 
|   6|0x0000000703400000, 0x0000000703400000, 0x0000000703600000|  0%| F|  |TAMS 0x0000000703400000, 0x0000000703400000| Untracked 
|   7|0x0000000703600000, 0x0000000703600000, 0x0000000703800000|  0%| F|  |TAMS 0x0000000703600000, 0x0000000703600000| Untracked 
|   8|0x0000000703800000, 0x0000000703800000, 0x0000000703a00000|  0%| F|  |TAMS 0x0000000703800000, 0x0000000703800000| Untracked 
|   9|0x0000000703a00000, 0x0000000703a00000, 0x0000000703c00000|  0%| F|  |TAMS 0x0000000703a00000, 0x0000000703a00000| Untracked 
|  10|0x0000000703c00000, 0x0000000703c00000, 0x0000000703e00000|  0%| F|  |TAMS 0x0000000703c00000, 0x0000000703c00000| Untracked 
|  11|0x0000000703e00000, 0x0000000703e00000, 0x0000000704000000|  0%| F|  |TAMS 0x0000000703e00000, 0x0000000703e00000| Untracked 
|  12|0x0000000704000000, 0x0000000704000000, 0x0000000704200000|  0%| F|  |TAMS 0x0000000704000000, 0x0000000704000000| Untracked 
|  13|0x0000000704200000, 0x0000000704200000, 0x0000000704400000|  0%| F|  |TAMS 0x0000000704200000, 0x0000000704200000| Untracked 
|  14|0x0000000704400000, 0x0000000704400000, 0x0000000704600000|  0%| F|  |TAMS 0x0000000704400000, 0x0000000704400000| Untracked 
|  15|0x0000000704600000, 0x0000000704600000, 0x0000000704800000|  0%| F|  |TAMS 0x0000000704600000, 0x0000000704600000| Untracked 
|  16|0x0000000704800000, 0x0000000704800000, 0x0000000704a00000|  0%| F|  |TAMS 0x0000000704800000, 0x0000000704800000| Untracked 
|  17|0x0000000704a00000, 0x0000000704a00000, 0x0000000704c00000|  0%| F|  |TAMS 0x0000000704a00000, 0x0000000704a00000| Untracked 
|  18|0x0000000704c00000, 0x0000000704c00000, 0x0000000704e00000|  0%| F|  |TAMS 0x0000000704c00000, 0x0000000704c00000| Untracked 
|  19|0x0000000704e00000, 0x0000000704e00000, 0x0000000705000000|  0%| F|  |TAMS 0x0000000704e00000, 0x0000000704e00000| Untracked 
|  20|0x0000000705000000, 0x0000000705000000, 0x0000000705200000|  0%| F|  |TAMS 0x0000000705000000, 0x0000000705000000| Untracked 
|  21|0x0000000705200000, 0x0000000705200000, 0x0000000705400000|  0%| F|  |TAMS 0x0000000705200000, 0x0000000705200000| Untracked 
|  22|0x0000000705400000, 0x0000000705400000, 0x0000000705600000|  0%| F|  |TAMS 0x0000000705400000, 0x0000000705400000| Untracked 
|  23|0x0000000705600000, 0x0000000705600000, 0x0000000705800000|  0%| F|  |TAMS 0x0000000705600000, 0x0000000705600000| Untracked 
|  24|0x0000000705800000, 0x0000000705800000, 0x0000000705a00000|  0%| F|  |TAMS 0x0000000705800000, 0x0000000705800000| Untracked 
|  25|0x0000000705a00000, 0x0000000705a00000, 0x0000000705c00000|  0%| F|  |TAMS 0x0000000705a00000, 0x0000000705a00000| Untracked 
|  26|0x0000000705c00000, 0x0000000705c00000, 0x0000000705e00000|  0%| F|  |TAMS 0x0000000705c00000, 0x0000000705c00000| Untracked 
|  27|0x0000000705e00000, 0x0000000705e00000, 0x0000000706000000|  0%| F|  |TAMS 0x0000000705e00000, 0x0000000705e00000| Untracked 
|  28|0x0000000706000000, 0x0000000706000000, 0x0000000706200000|  0%| F|  |TAMS 0x0000000706000000, 0x0000000706000000| Untracked 
|  29|0x0000000706200000, 0x0000000706200000, 0x0000000706400000|  0%| F|  |TAMS 0x0000000706200000, 0x0000000706200000| Untracked 
|  30|0x0000000706400000, 0x0000000706400000, 0x0000000706600000|  0%| F|  |TAMS 0x0000000706400000, 0x0000000706400000| Untracked 
|  31|0x0000000706600000, 0x0000000706600000, 0x0000000706800000|  0%| F|  |TAMS 0x0000000706600000, 0x0000000706600000| Untracked 
|  32|0x0000000706800000, 0x0000000706800000, 0x0000000706a00000|  0%| F|  |TAMS 0x0000000706800000, 0x0000000706800000| Untracked 
|  33|0x0000000706a00000, 0x0000000706a00000, 0x0000000706c00000|  0%| F|  |TAMS 0x0000000706a00000, 0x0000000706a00000| Untracked 
|  34|0x0000000706c00000, 0x0000000706c00000, 0x0000000706e00000|  0%| F|  |TAMS 0x0000000706c00000, 0x0000000706c00000| Untracked 
|  35|0x0000000706e00000, 0x0000000706e00000, 0x0000000707000000|  0%| F|  |TAMS 0x0000000706e00000, 0x0000000706e00000| Untracked 
|  36|0x0000000707000000, 0x0000000707000000, 0x0000000707200000|  0%| F|  |TAMS 0x0000000707000000, 0x0000000707000000| Untracked 
|  37|0x0000000707200000, 0x0000000707200000, 0x0000000707400000|  0%| F|  |TAMS 0x0000000707200000, 0x0000000707200000| Untracked 
|  38|0x0000000707400000, 0x0000000707400000, 0x0000000707600000|  0%| F|  |TAMS 0x0000000707400000, 0x0000000707400000| Untracked 
|  39|0x0000000707600000, 0x0000000707600000, 0x0000000707800000|  0%| F|  |TAMS 0x0000000707600000, 0x0000000707600000| Untracked 
|  40|0x0000000707800000, 0x0000000707800000, 0x0000000707a00000|  0%| F|  |TAMS 0x0000000707800000, 0x0000000707800000| Untracked 
|  41|0x0000000707a00000, 0x0000000707a00000, 0x0000000707c00000|  0%| F|  |TAMS 0x0000000707a00000, 0x0000000707a00000| Untracked 
|  42|0x0000000707c00000, 0x0000000707c00000, 0x0000000707e00000|  0%| F|  |TAMS 0x0000000707c00000, 0x0000000707c00000| Untracked 
|  43|0x0000000707e00000, 0x0000000707e00000, 0x0000000708000000|  0%| F|  |TAMS 0x0000000707e00000, 0x0000000707e00000| Untracked 
|  44|0x0000000708000000, 0x0000000708000000, 0x0000000708200000|  0%| F|  |TAMS 0x0000000708000000, 0x0000000708000000| Untracked 
|  45|0x0000000708200000, 0x0000000708200000, 0x0000000708400000|  0%| F|  |TAMS 0x0000000708200000, 0x0000000708200000| Untracked 
|  46|0x0000000708400000, 0x0000000708400000, 0x0000000708600000|  0%| F|  |TAMS 0x0000000708400000, 0x0000000708400000| Untracked 
|  47|0x0000000708600000, 0x0000000708600000, 0x0000000708800000|  0%| F|  |TAMS 0x0000000708600000, 0x0000000708600000| Untracked 
|  48|0x0000000708800000, 0x0000000708800000, 0x0000000708a00000|  0%| F|  |TAMS 0x0000000708800000, 0x0000000708800000| Untracked 
|  49|0x0000000708a00000, 0x0000000708a00000, 0x0000000708c00000|  0%| F|  |TAMS 0x0000000708a00000, 0x0000000708a00000| Untracked 
|  50|0x0000000708c00000, 0x0000000708c00000, 0x0000000708e00000|  0%| F|  |TAMS 0x0000000708c00000, 0x0000000708c00000| Untracked 
|  51|0x0000000708e00000, 0x0000000708e00000, 0x0000000709000000|  0%| F|  |TAMS 0x0000000708e00000, 0x0000000708e00000| Untracked 
|  52|0x0000000709000000, 0x0000000709000000, 0x0000000709200000|  0%| F|  |TAMS 0x0000000709000000, 0x0000000709000000| Untracked 
|  53|0x0000000709200000, 0x0000000709200000, 0x0000000709400000|  0%| F|  |TAMS 0x0000000709200000, 0x0000000709200000| Untracked 
|  54|0x0000000709400000, 0x0000000709400000, 0x0000000709600000|  0%| F|  |TAMS 0x0000000709400000, 0x0000000709400000| Untracked 
|  55|0x0000000709600000, 0x0000000709600000, 0x0000000709800000|  0%| F|  |TAMS 0x0000000709600000, 0x0000000709600000| Untracked 
|  56|0x0000000709800000, 0x0000000709800000, 0x0000000709a00000|  0%| F|  |TAMS 0x0000000709800000, 0x0000000709800000| Untracked 
|  57|0x0000000709a00000, 0x0000000709a00000, 0x0000000709c00000|  0%| F|  |TAMS 0x0000000709a00000, 0x0000000709a00000| Untracked 
|  58|0x0000000709c00000, 0x0000000709c00000, 0x0000000709e00000|  0%| F|  |TAMS 0x0000000709c00000, 0x0000000709c00000| Untracked 
|  59|0x0000000709e00000, 0x0000000709e00000, 0x000000070a000000|  0%| F|  |TAMS 0x0000000709e00000, 0x0000000709e00000| Untracked 
|  60|0x000000070a000000, 0x000000070a000000, 0x000000070a200000|  0%| F|  |TAMS 0x000000070a000000, 0x000000070a000000| Untracked 
|  61|0x000000070a200000, 0x000000070a200000, 0x000000070a400000|  0%| F|  |TAMS 0x000000070a200000, 0x000000070a200000| Untracked 
|  62|0x000000070a400000, 0x000000070a400000, 0x000000070a600000|  0%| F|  |TAMS 0x000000070a400000, 0x000000070a400000| Untracked 
|  63|0x000000070a600000, 0x000000070a600000, 0x000000070a800000|  0%| F|  |TAMS 0x000000070a600000, 0x000000070a600000| Untracked 
|  64|0x000000070a800000, 0x000000070a800000, 0x000000070aa00000|  0%| F|  |TAMS 0x000000070a800000, 0x000000070a800000| Untracked 
|  65|0x000000070aa00000, 0x000000070aa00000, 0x000000070ac00000|  0%| F|  |TAMS 0x000000070aa00000, 0x000000070aa00000| Untracked 
|  66|0x000000070ac00000, 0x000000070ac00000, 0x000000070ae00000|  0%| F|  |TAMS 0x000000070ac00000, 0x000000070ac00000| Untracked 
|  67|0x000000070ae00000, 0x000000070ae00000, 0x000000070b000000|  0%| F|  |TAMS 0x000000070ae00000, 0x000000070ae00000| Untracked 
|  68|0x000000070b000000, 0x000000070b000000, 0x000000070b200000|  0%| F|  |TAMS 0x000000070b000000, 0x000000070b000000| Untracked 
|  69|0x000000070b200000, 0x000000070b200000, 0x000000070b400000|  0%| F|  |TAMS 0x000000070b200000, 0x000000070b200000| Untracked 
|  70|0x000000070b400000, 0x000000070b400000, 0x000000070b600000|  0%| F|  |TAMS 0x000000070b400000, 0x000000070b400000| Untracked 
|  71|0x000000070b600000, 0x000000070b600000, 0x000000070b800000|  0%| F|  |TAMS 0x000000070b600000, 0x000000070b600000| Untracked 
|  72|0x000000070b800000, 0x000000070b800000, 0x000000070ba00000|  0%| F|  |TAMS 0x000000070b800000, 0x000000070b800000| Untracked 
|  73|0x000000070ba00000, 0x000000070ba00000, 0x000000070bc00000|  0%| F|  |TAMS 0x000000070ba00000, 0x000000070ba00000| Untracked 
|  74|0x000000070bc00000, 0x000000070bc00000, 0x000000070be00000|  0%| F|  |TAMS 0x000000070bc00000, 0x000000070bc00000| Untracked 
|  75|0x000000070be00000, 0x000000070be00000, 0x000000070c000000|  0%| F|  |TAMS 0x000000070be00000, 0x000000070be00000| Untracked 
|  76|0x000000070c000000, 0x000000070c000000, 0x000000070c200000|  0%| F|  |TAMS 0x000000070c000000, 0x000000070c000000| Untracked 
|  77|0x000000070c200000, 0x000000070c200000, 0x000000070c400000|  0%| F|  |TAMS 0x000000070c200000, 0x000000070c200000| Untracked 
|  78|0x000000070c400000, 0x000000070c400000, 0x000000070c600000|  0%| F|  |TAMS 0x000000070c400000, 0x000000070c400000| Untracked 
|  79|0x000000070c600000, 0x000000070c600000, 0x000000070c800000|  0%| F|  |TAMS 0x000000070c600000, 0x000000070c600000| Untracked 
|  80|0x000000070c800000, 0x000000070c800000, 0x000000070ca00000|  0%| F|  |TAMS 0x000000070c800000, 0x000000070c800000| Untracked 
|  81|0x000000070ca00000, 0x000000070ca00000, 0x000000070cc00000|  0%| F|  |TAMS 0x000000070ca00000, 0x000000070ca00000| Untracked 
|  82|0x000000070cc00000, 0x000000070cc00000, 0x000000070ce00000|  0%| F|  |TAMS 0x000000070cc00000, 0x000000070cc00000| Untracked 
|  83|0x000000070ce00000, 0x000000070ce00000, 0x000000070d000000|  0%| F|  |TAMS 0x000000070ce00000, 0x000000070ce00000| Untracked 
|  84|0x000000070d000000, 0x000000070d000000, 0x000000070d200000|  0%| F|  |TAMS 0x000000070d000000, 0x000000070d000000| Untracked 
|  85|0x000000070d200000, 0x000000070d200000, 0x000000070d400000|  0%| F|  |TAMS 0x000000070d200000, 0x000000070d200000| Untracked 
|  86|0x000000070d400000, 0x000000070d400000, 0x000000070d600000|  0%| F|  |TAMS 0x000000070d400000, 0x000000070d400000| Untracked 
|  87|0x000000070d600000, 0x000000070d600000, 0x000000070d800000|  0%| F|  |TAMS 0x000000070d600000, 0x000000070d600000| Untracked 
|  88|0x000000070d800000, 0x000000070d800000, 0x000000070da00000|  0%| F|  |TAMS 0x000000070d800000, 0x000000070d800000| Untracked 
|  89|0x000000070da00000, 0x000000070da00000, 0x000000070dc00000|  0%| F|  |TAMS 0x000000070da00000, 0x000000070da00000| Untracked 
|  90|0x000000070dc00000, 0x000000070dc00000, 0x000000070de00000|  0%| F|  |TAMS 0x000000070dc00000, 0x000000070dc00000| Untracked 
|  91|0x000000070de00000, 0x000000070de00000, 0x000000070e000000|  0%| F|  |TAMS 0x000000070de00000, 0x000000070de00000| Untracked 
|  92|0x000000070e000000, 0x000000070e000000, 0x000000070e200000|  0%| F|  |TAMS 0x000000070e000000, 0x000000070e000000| Untracked 
|  93|0x000000070e200000, 0x000000070e200000, 0x000000070e400000|  0%| F|  |TAMS 0x000000070e200000, 0x000000070e200000| Untracked 
|  94|0x000000070e400000, 0x000000070e400000, 0x000000070e600000|  0%| F|  |TAMS 0x000000070e400000, 0x000000070e400000| Untracked 
|  95|0x000000070e600000, 0x000000070e600000, 0x000000070e800000|  0%| F|  |TAMS 0x000000070e600000, 0x000000070e600000| Untracked 
|  96|0x000000070e800000, 0x000000070e800000, 0x000000070ea00000|  0%| F|  |TAMS 0x000000070e800000, 0x000000070e800000| Untracked 
|  97|0x000000070ea00000, 0x000000070ea00000, 0x000000070ec00000|  0%| F|  |TAMS 0x000000070ea00000, 0x000000070ea00000| Untracked 
|  98|0x000000070ec00000, 0x000000070ec00000, 0x000000070ee00000|  0%| F|  |TAMS 0x000000070ec00000, 0x000000070ec00000| Untracked 
|  99|0x000000070ee00000, 0x000000070ee00000, 0x000000070f000000|  0%| F|  |TAMS 0x000000070ee00000, 0x000000070ee00000| Untracked 
| 100|0x000000070f000000, 0x000000070f000000, 0x000000070f200000|  0%| F|  |TAMS 0x000000070f000000, 0x000000070f000000| Untracked 
| 101|0x000000070f200000, 0x000000070f200000, 0x000000070f400000|  0%| F|  |TAMS 0x000000070f200000, 0x000000070f200000| Untracked 
| 102|0x000000070f400000, 0x000000070f400000, 0x000000070f600000|  0%| F|  |TAMS 0x000000070f400000, 0x000000070f400000| Untracked 
| 103|0x000000070f600000, 0x000000070f600000, 0x000000070f800000|  0%| F|  |TAMS 0x000000070f600000, 0x000000070f600000| Untracked 
| 104|0x000000070f800000, 0x000000070f800000, 0x000000070fa00000|  0%| F|  |TAMS 0x000000070f800000, 0x000000070f800000| Untracked 
| 105|0x000000070fa00000, 0x000000070fa00000, 0x000000070fc00000|  0%| F|  |TAMS 0x000000070fa00000, 0x000000070fa00000| Untracked 
| 106|0x000000070fc00000, 0x000000070fc00000, 0x000000070fe00000|  0%| F|  |TAMS 0x000000070fc00000, 0x000000070fc00000| Untracked 
| 107|0x000000070fe00000, 0x000000070fe00000, 0x0000000710000000|  0%| F|  |TAMS 0x000000070fe00000, 0x000000070fe00000| Untracked 
| 108|0x0000000710000000, 0x0000000710000000, 0x0000000710200000|  0%| F|  |TAMS 0x0000000710000000, 0x0000000710000000| Untracked 
| 109|0x0000000710200000, 0x0000000710200000, 0x0000000710400000|  0%| F|  |TAMS 0x0000000710200000, 0x0000000710200000| Untracked 
| 110|0x0000000710400000, 0x0000000710400000, 0x0000000710600000|  0%| F|  |TAMS 0x0000000710400000, 0x0000000710400000| Untracked 
| 111|0x0000000710600000, 0x0000000710600000, 0x0000000710800000|  0%| F|  |TAMS 0x0000000710600000, 0x0000000710600000| Untracked 
| 112|0x0000000710800000, 0x0000000710800000, 0x0000000710a00000|  0%| F|  |TAMS 0x0000000710800000, 0x0000000710800000| Untracked 
| 113|0x0000000710a00000, 0x0000000710a00000, 0x0000000710c00000|  0%| F|  |TAMS 0x0000000710a00000, 0x0000000710a00000| Untracked 
| 114|0x0000000710c00000, 0x0000000710c00000, 0x0000000710e00000|  0%| F|  |TAMS 0x0000000710c00000, 0x0000000710c00000| Untracked 
| 115|0x0000000710e00000, 0x0000000710e00000, 0x0000000711000000|  0%| F|  |TAMS 0x0000000710e00000, 0x0000000710e00000| Untracked 
| 116|0x0000000711000000, 0x0000000711000000, 0x0000000711200000|  0%| F|  |TAMS 0x0000000711000000, 0x0000000711000000| Untracked 
| 117|0x0000000711200000, 0x0000000711200000, 0x0000000711400000|  0%| F|  |TAMS 0x0000000711200000, 0x0000000711200000| Untracked 
| 118|0x0000000711400000, 0x0000000711507d58, 0x0000000711600000| 51%| S|  |TAMS 0x0000000711400000, 0x0000000711400000| Complete 
| 119|0x0000000711600000, 0x0000000711679178, 0x0000000711800000| 23%| E|CS|TAMS 0x0000000711600000, 0x0000000711679178| Complete 
| 120|0x0000000711800000, 0x0000000711a00000, 0x0000000711a00000|100%| E|CS|TAMS 0x0000000711800000, 0x0000000711a00000| Complete 
| 121|0x0000000711a00000, 0x0000000711c00000, 0x0000000711c00000|100%| E|CS|TAMS 0x0000000711a00000, 0x0000000711c00000| Complete 
| 122|0x0000000711c00000, 0x0000000711e00000, 0x0000000711e00000|100%| E|CS|TAMS 0x0000000711c00000, 0x0000000711e00000| Complete 
| 123|0x0000000711e00000, 0x0000000712000000, 0x0000000712000000|100%| E|CS|TAMS 0x0000000711e00000, 0x0000000712000000| Complete 
| 124|0x0000000712000000, 0x0000000712200000, 0x0000000712200000|100%| E|CS|TAMS 0x0000000712000000, 0x0000000712200000| Complete 
| 125|0x0000000712200000, 0x0000000712400000, 0x0000000712400000|100%| E|CS|TAMS 0x0000000712200000, 0x0000000712400000| Complete 
| 126|0x0000000712400000, 0x0000000712600000, 0x0000000712600000|100%| E|CS|TAMS 0x0000000712400000, 0x0000000712600000| Complete 

Card table byte_map: [0x0000020cc5960000,0x0000020cc6150000] _byte_map_base: 0x0000020cc214c000

Marking Bits (Prev, Next): (CMBitMap*) 0x0000020cadc66a00, (CMBitMap*) 0x0000020cadc66a40
 Prev Bits: [0x0000020cc6940000, 0x0000020cca8a0000)
 Next Bits: [0x0000020cca8a0000, 0x0000020cce800000)

Polling page: 0x0000020cab9b0000

Metaspace:

Usage:
  Non-class:      5.73 MB capacity,     5.64 MB ( 98%) used,    85.95 KB (  1%) free+waste,     6.44 KB ( <1%) overhead. 
      Class:    822.00 KB capacity,   735.46 KB ( 89%) used,    83.10 KB ( 10%) free+waste,     3.44 KB ( <1%) overhead. 
       Both:      6.53 MB capacity,     6.36 MB ( 97%) used,   169.05 KB (  3%) free+waste,     9.88 KB ( <1%) overhead. 

Virtual space:
  Non-class space:       26.00 MB reserved,       5.75 MB ( 22%) committed 
      Class space:        1.00 GB reserved,     896.00 KB ( <1%) committed 
             Both:        1.03 GB reserved,       6.63 MB ( <1%) committed 

Chunk freelists:
   Non-Class:  19.00 KB
       Class:  10.00 KB
        Both:  29.00 KB

MaxMetaspaceSize: 17179869184.00 GB
CompressedClassSpaceSize: 1.00 GB

CodeHeap 'non-profiled nmethods': size=120000Kb used=254Kb max_used=254Kb free=119745Kb
 bounds [0x0000020cbd910000, 0x0000020cbdb80000, 0x0000020cc4e40000]
CodeHeap 'profiled nmethods': size=120000Kb used=1512Kb max_used=1512Kb free=118487Kb
 bounds [0x0000020cb63e0000, 0x0000020cb6650000, 0x0000020cbd910000]
CodeHeap 'non-nmethods': size=5760Kb used=1180Kb max_used=1207Kb free=4579Kb
 bounds [0x0000020cb5e40000, 0x0000020cb60b0000, 0x0000020cb63e0000]
 total_blobs=1324 nmethods=884 adapters=353
 compilation: enabled
              stopped_count=0, restarted_count=0
 full_count=0

Compilation events (20 events):
Event: 0.430 Thread 0x0000020cd1aa7160 nmethod 816 0x0000020cbd949790 code [0x0000020cbd949900, 0x0000020cbd949a58]
Event: 0.430 Thread 0x0000020cd1aa7160  812       4       java.lang.StringUTF16::length (5 bytes)
Event: 0.430 Thread 0x0000020cd23e0010 nmethod 806 0x0000020cbd949b10 code [0x0000020cbd949ca0, 0x0000020cbd949e28]
Event: 0.430 Thread 0x0000020cd1aa7160 nmethod 812 0x0000020cbd94a010 code [0x0000020cbd94a180, 0x0000020cbd94a1d8]
Event: 0.430 Thread 0x0000020cd1aa8d10 nmethod 818 0x0000020cb6536510 code [0x0000020cb6536700, 0x0000020cb6536c58]
Event: 0.430 Thread 0x0000020cd1aa8d10  823       3       java.text.PatternEntry$Parser::next (655 bytes)
Event: 0.431 Thread 0x0000020cd23e0010  828       4       java.lang.String::equals (50 bytes)
Event: 0.431 Thread 0x0000020cd1aa7160  829       4       java.text.PatternEntry::equals (25 bytes)
Event: 0.431 Thread 0x0000020cd23e0010 nmethod 828 0x0000020cbd94a310 code [0x0000020cbd94a480, 0x0000020cbd94a618]
Event: 0.431 Thread 0x0000020cd1aa7160 nmethod 829 0x0000020cbd94a690 code [0x0000020cbd94a820, 0x0000020cbd94a9f8]
Event: 0.432 Thread 0x0000020cd1aa7160  831       4       java.lang.StringUTF16::charAt (11 bytes)
Event: 0.433 Thread 0x0000020cd23e0010  832       4       java.lang.AbstractStringBuilder::isLatin1 (19 bytes)
Event: 0.433 Thread 0x0000020cd1aa8d10 nmethod 823 0x0000020cb6536e10 code [0x0000020cb65374a0, 0x0000020cb653b3c8]
Event: 0.433 Thread 0x0000020cd1aa7160 nmethod 831 0x0000020cbd94ab10 code [0x0000020cbd94ac80, 0x0000020cbd94acf8]
Event: 0.433 Thread 0x0000020cd23e0010 nmethod 832 0x0000020cbd94ae10 code [0x0000020cbd94af80, 0x0000020cbd94aff8]
Event: 0.433 Thread 0x0000020cd1aa8d10  827       2       java.util.ArrayList::lastIndexOfRange (75 bytes)
Event: 0.433 Thread 0x0000020cd1aa8d10 nmethod 827 0x0000020cb653c790 code [0x0000020cb653c940, 0x0000020cb653cc08]
Event: 0.433 Thread 0x0000020cd1aa8d10  830       3       java.text.MergeCollation::findLastEntry (244 bytes)
Event: 0.433 Thread 0x0000020cd23e0010  833       4       java.lang.AbstractStringBuilder::setLength (66 bytes)
Event: 0.433 Thread 0x0000020cd1aa7160  834       4       java.lang.AbstractStringBuilder::append (77 bytes)

GC Heap History (0 events):
No events

Deoptimization events (20 events):
Event: 0.418 Thread 0x0000020cadc135f0 Uncommon trap: trap_request=0xffffff45 fr.pc=0x0000020cbd945508 relative=0x00000000000006c8
Event: 0.418 Thread 0x0000020cadc135f0 Uncommon trap: reason=unstable_if action=reinterpret pc=0x0000020cbd945508 method=java.lang.AbstractStringBuilder.append(Ljava/lang/String;)Ljava/lang/AbstractStringBuilder; @ 1 c2
Event: 0.418 Thread 0x0000020cadc135f0 DEOPT PACKING pc=0x0000020cbd945508 sp=0x0000006d794fb1e0
Event: 0.418 Thread 0x0000020cadc135f0 DEOPT UNPACKING pc=0x0000020cb5e8e42f sp=0x0000006d794fb170 mode 2
Event: 0.418 Thread 0x0000020cadc135f0 Uncommon trap: trap_request=0xffffff45 fr.pc=0x0000020cbd937818 relative=0x00000000000006d8
Event: 0.418 Thread 0x0000020cadc135f0 Uncommon trap: reason=unstable_if action=reinterpret pc=0x0000020cbd937818 method=java.lang.AbstractStringBuilder.append(Ljava/lang/String;)Ljava/lang/AbstractStringBuilder; @ 1 c2
Event: 0.418 Thread 0x0000020cadc135f0 DEOPT PACKING pc=0x0000020cbd937818 sp=0x0000006d794fb180
Event: 0.418 Thread 0x0000020cadc135f0 DEOPT UNPACKING pc=0x0000020cb5e8e42f sp=0x0000006d794fb168 mode 2
Event: 0.423 Thread 0x0000020cadc135f0 Uncommon trap: trap_request=0xffffff45 fr.pc=0x0000020cbd933f20 relative=0x0000000000000320
Event: 0.423 Thread 0x0000020cadc135f0 Uncommon trap: reason=unstable_if action=reinterpret pc=0x0000020cbd933f20 method=java.lang.StringUTF16.compress([CI[BII)I @ 20 c2
Event: 0.423 Thread 0x0000020cadc135f0 DEOPT PACKING pc=0x0000020cbd933f20 sp=0x0000006d794fb000
Event: 0.423 Thread 0x0000020cadc135f0 DEOPT UNPACKING pc=0x0000020cb5e8e42f sp=0x0000006d794faf80 mode 2
Event: 0.424 Thread 0x0000020cadc135f0 Uncommon trap: trap_request=0xffffff45 fr.pc=0x0000020cbd941c14 relative=0x0000000000000474
Event: 0.424 Thread 0x0000020cadc135f0 Uncommon trap: reason=unstable_if action=reinterpret pc=0x0000020cbd941c14 method=java.lang.String.substring(II)Ljava/lang/String; @ 31 c2
Event: 0.424 Thread 0x0000020cadc135f0 DEOPT PACKING pc=0x0000020cbd941c14 sp=0x0000006d794fbf90
Event: 0.424 Thread 0x0000020cadc135f0 DEOPT UNPACKING pc=0x0000020cb5e8e42f sp=0x0000006d794fbf60 mode 2
Event: 0.429 Thread 0x0000020cadc135f0 Uncommon trap: trap_request=0xffffff45 fr.pc=0x0000020cbd932d28 relative=0x0000000000000188
Event: 0.429 Thread 0x0000020cadc135f0 Uncommon trap: reason=unstable_if action=reinterpret pc=0x0000020cbd932d28 method=java.lang.String.equals(Ljava/lang/Object;)Z @ 33 c2
Event: 0.429 Thread 0x0000020cadc135f0 DEOPT PACKING pc=0x0000020cbd932d28 sp=0x0000006d794fbfd0
Event: 0.429 Thread 0x0000020cadc135f0 DEOPT UNPACKING pc=0x0000020cb5e8e42f sp=0x0000006d794fbf70 mode 2

Classes unloaded (0 events):
No events

Classes redefined (0 events):
No events

Internal exceptions (18 events):
Event: 0.094 Thread 0x0000020cd1c01780 Exception <a 'java/lang/NoSuchMethodError'{0x00000007125d57d8}: 'java.lang.Object java.lang.invoke.DirectMethodHandle$Holder.invokeStatic(java.lang.Object)'> (0x00000007125d57d8) 
thrown [./open/src/hotspot/share/interpreter/linkResolver.cpp, line 782]
Event: 0.097 Thread 0x0000020cd1c01780 Exception <a 'java/lang/NoSuchMethodError'{0x00000007125daee0}: 'java.lang.Object java.lang.invoke.DirectMethodHandle$Holder.invokeStaticInit(java.lang.Object)'> (0x00000007125daee0) 
thrown [./open/src/hotspot/share/interpreter/linkResolver.cpp, line 782]
Event: 0.106 Thread 0x0000020cd1c01780 Exception <a 'java/lang/NoSuchMethodError'{0x00000007125f3c00}: 'void java.lang.invoke.DirectMethodHandle$Holder.invokeStatic(java.lang.Object, java.lang.Object)'> (0x00000007125f3c00) 
thrown [./open/src/hotspot/share/interpreter/linkResolver.cpp, line 782]
Event: 0.108 Thread 0x0000020cadc135f0 Exception <a 'java/io/FileNotFoundException'{0x000000071221e3c0}> (0x000000071221e3c0) 
thrown [./open/src/hotspot/share/prims/jni.cpp, line 578]
Event: 0.120 Thread 0x0000020cadc135f0 Exception <a 'java/lang/NoSuchMethodError'{0x0000000712241638}: 'void java.lang.invoke.DirectMethodHandle$Holder.invokeSpecial(java.lang.Object, java.lang.Object, java.lang.Object)'> (0x0000000712241638) 
thrown [./open/src/hotspot/share/interpreter/linkResolver.cpp, line 782]
Event: 0.121 Thread 0x0000020cadc135f0 Exception <a 'java/lang/NoSuchMethodError'{0x000000071224b7e8}: 'java.lang.Object java.lang.invoke.DirectMethodHandle$Holder.invokeInterface(java.lang.Object, java.lang.Object)'> (0x000000071224b7e8) 
thrown [./open/src/hotspot/share/interpreter/linkResolver.cpp, line 782]
Event: 0.199 Thread 0x0000020cadc135f0 Exception <a 'java/lang/IncompatibleClassChangeError'{0x00000007120b7f40}: Found class java.lang.Object, but interface was expected> (0x00000007120b7f40) 
thrown [./open/src/hotspot/share/interpreter/linkResolver.cpp, line 848]
Event: 0.214 Thread 0x0000020cadc135f0 Exception <a 'java/lang/NoSuchMethodError'{0x0000000712129c00}: 'java.lang.Object java.lang.invoke.DirectMethodHandle$Holder.newInvokeSpecial(java.lang.Object, java.lang.Object, java.lang.Object, java.lang.Object, java.lang.Object)'> (0x0000000712129c00) 
thrown [./open/src/hotspot/share/interpreter/linkResolver.cpp, line 782]
Event: 0.401 Thread 0x0000020cadc135f0 Exception <a 'java/lang/NoSuchMethodError'{0x0000000711a57778}: 'void java.lang.invoke.DirectMethodHandle$Holder.invokeStaticInit(java.lang.Object)'> (0x0000000711a57778) 
thrown [./open/src/hotspot/share/interpreter/linkResolver.cpp, line 782]
Event: 0.402 Thread 0x0000020cadc135f0 Exception <a 'java/lang/NoClassDefFoundError'{0x0000000711a5e098}: org/slf4j/LoggerFactory> (0x0000000711a5e098) 
thrown [./open/src/hotspot/share/classfile/systemDictionary.cpp, line 284]
Event: 0.402 Thread 0x0000020cadc135f0 Exception <a 'java/lang/reflect/InvocationTargetException'{0x0000000711a5e610}> (0x0000000711a5e610) 
thrown [./open/src/hotspot/share/runtime/reflection.cpp, line 1157]
Event: 0.403 Thread 0x0000020cadc135f0 Exception <a 'java/lang/NoClassDefFoundError'{0x0000000711a629e0}: org/apache/commons/logging/LogFactory> (0x0000000711a629e0) 
thrown [./open/src/hotspot/share/classfile/systemDictionary.cpp, line 284]
Event: 0.403 Thread 0x0000020cadc135f0 Exception <a 'java/lang/reflect/InvocationTargetException'{0x0000000711a62f58}> (0x0000000711a62f58) 
thrown [./open/src/hotspot/share/runtime/reflection.cpp, line 1157]
Event: 0.404 Thread 0x0000020cadc135f0 Exception <a 'java/lang/NoClassDefFoundError'{0x0000000711a67160}: org/apache/logging/log4j/LogManager> (0x0000000711a67160) 
thrown [./open/src/hotspot/share/classfile/systemDictionary.cpp, line 284]
Event: 0.404 Thread 0x0000020cadc135f0 Exception <a 'java/lang/reflect/InvocationTargetException'{0x0000000711a676d8}> (0x0000000711a676d8) 
thrown [./open/src/hotspot/share/runtime/reflection.cpp, line 1157]
Event: 0.404 Thread 0x0000020cadc135f0 Exception <a 'java/lang/NoClassDefFoundError'{0x0000000711a6b6f0}: org/apache/log4j/Priority> (0x0000000711a6b6f0) 
thrown [./open/src/hotspot/share/classfile/systemDictionary.cpp, line 284]
Event: 0.418 Thread 0x0000020cadc135f0 Implicit null exception at 0x0000020cbd944e77 to 0x0000020cbd9454f0
Event: 0.418 Thread 0x0000020cadc135f0 Implicit null exception at 0x0000020cbd937174 to 0x0000020cbd937800

Events (20 events):
Event: 0.423 loading class jdk/internal/icu/util/CodePointTrie$Data16 done
Event: 0.423 loading class jdk/internal/icu/impl/Norm2AllModes$ComposeNormalizer2
Event: 0.423 loading class jdk/internal/icu/impl/Norm2AllModes$Normalizer2WithImpl
Event: 0.423 loading class jdk/internal/icu/impl/Norm2AllModes$Normalizer2WithImpl done
Event: 0.423 loading class jdk/internal/icu/impl/Norm2AllModes$ComposeNormalizer2 done
Event: 0.423 loading class jdk/internal/icu/impl/Norm2AllModes$DecomposeNormalizer2
Event: 0.423 loading class jdk/internal/icu/impl/Norm2AllModes$DecomposeNormalizer2 done
Event: 0.423 loading class jdk/internal/icu/impl/NormalizerImpl$UTF16Plus
Event: 0.423 loading class jdk/internal/icu/impl/NormalizerImpl$UTF16Plus done
Event: 0.423 loading class jdk/internal/icu/text/UTF16
Event: 0.423 loading class jdk/internal/icu/text/UTF16 done
Event: 0.424 loading class jdk/internal/icu/lang/UCharacter
Event: 0.424 loading class jdk/internal/icu/lang/UCharacter done
Event: 0.427 loading class java/text/MergeCollation
Event: 0.428 loading class java/text/MergeCollation done
Event: 0.428 Thread 0x0000020cd23e0010 Thread added: 0x0000020cd23e0010
Event: 0.428 loading class java/text/PatternEntry$Parser
Event: 0.429 loading class java/text/PatternEntry$Parser done
Event: 0.429 loading class java/text/PatternEntry
Event: 0.429 loading class java/text/PatternEntry done


Dynamic libraries:
0x00007ff73b500000 - 0x00007ff73b50f000 	D:\jdk15\bin\java.exe
0x00007ffbf6b20000 - 0x00007ffbf6d10000 	C:\WINDOWS\SYSTEM32\ntdll.dll
0x00007ffbf5830000 - 0x00007ffbf58e2000 	C:\WINDOWS\System32\KERNEL32.DLL
0x00007ffbf48f0000 - 0x00007ffbf4b95000 	C:\WINDOWS\System32\KERNELBASE.dll
0x00007ffbf4430000 - 0x00007ffbf452a000 	C:\WINDOWS\System32\ucrtbase.dll
0x00007ffbf18e0000 - 0x00007ffbf18f9000 	D:\jdk15\bin\VCRUNTIME140.dll
0x00007ffbf1900000 - 0x00007ffbf1918000 	D:\jdk15\bin\jli.dll
0x00007ffbf4f10000 - 0x00007ffbf4fb3000 	C:\WINDOWS\System32\ADVAPI32.dll
0x00007ffbf58f0000 - 0x00007ffbf598e000 	C:\WINDOWS\System32\msvcrt.dll
0x00007ffbf5560000 - 0x00007ffbf55f7000 	C:\WINDOWS\System32\sechost.dll
0x00007ffbf5070000 - 0x00007ffbf518f000 	C:\WINDOWS\System32\RPCRT4.dll
0x00007ffbf6940000 - 0x00007ffbf6ad4000 	C:\WINDOWS\System32\USER32.dll
0x00007ffbf4ba0000 - 0x00007ffbf4bc1000 	C:\WINDOWS\System32\win32u.dll
0x00007ffbf5610000 - 0x00007ffbf5636000 	C:\WINDOWS\System32\GDI32.dll
0x00007ffbf3b10000 - 0x00007ffbf3ca8000 	C:\WINDOWS\System32\gdi32full.dll
0x00007ffbf4850000 - 0x00007ffbf48ee000 	C:\WINDOWS\System32\msvcp_win.dll
0x00007ffbd4f60000 - 0x00007ffbd51e4000 	C:\WINDOWS\WinSxS\amd64_microsoft.windows.common-controls_6595b64144ccf1df_6.0.18362.1440_none_9e7dbfb9e45e8e67\COMCTL32.dll
0x00007ffbf4bd0000 - 0x00007ffbf4f06000 	C:\WINDOWS\System32\combase.dll
0x00007ffbf45b0000 - 0x00007ffbf4631000 	C:\WINDOWS\System32\bcryptPrimitives.dll
0x00007ffbef220000 - 0x00007ffbef22a000 	C:\WINDOWS\SYSTEM32\VERSION.dll
0x00007ffbf56a0000 - 0x00007ffbf56ce000 	C:\WINDOWS\System32\IMM32.DLL
0x00007ffbf19e0000 - 0x00007ffbf19ec000 	D:\jdk15\bin\vcruntime140_1.dll
0x00007ffbf1840000 - 0x00007ffbf18d1000 	D:\jdk15\bin\msvcp140.dll
0x00007ffbc0e40000 - 0x00007ffbc199e000 	D:\jdk15\bin\server\jvm.dll
0x00007ffbf5600000 - 0x00007ffbf5608000 	C:\WINDOWS\System32\PSAPI.DLL
0x00007ffbef850000 - 0x00007ffbef859000 	C:\WINDOWS\SYSTEM32\WSOCK32.dll
0x00007ffbf57b0000 - 0x00007ffbf581f000 	C:\WINDOWS\System32\WS2_32.dll
0x00007ffbe5c90000 - 0x00007ffbe5cb4000 	C:\WINDOWS\SYSTEM32\WINMM.dll
0x00007ffbe5a80000 - 0x00007ffbe5aad000 	C:\WINDOWS\SYSTEM32\WINMMBASE.dll
0x00007ffbf4530000 - 0x00007ffbf457a000 	C:\WINDOWS\System32\cfgmgr32.dll
0x00007ffbf39e0000 - 0x00007ffbf39f1000 	C:\WINDOWS\System32\kernel.appcore.dll
0x00007ffbf1830000 - 0x00007ffbf183a000 	D:\jdk15\bin\jimage.dll
0x00007ffbed7a0000 - 0x00007ffbed994000 	C:\WINDOWS\SYSTEM32\DBGHELP.DLL
0x00007ffbed740000 - 0x00007ffbed76a000 	C:\WINDOWS\SYSTEM32\dbgcore.DLL
0x00007ffbf1790000 - 0x00007ffbf17b5000 	D:\jdk15\bin\java.dll
0x00007ffbf6040000 - 0x00007ffbf6728000 	C:\WINDOWS\System32\SHELL32.dll
0x00007ffbf6730000 - 0x00007ffbf67d7000 	C:\WINDOWS\System32\shcore.dll
0x00007ffbf3cb0000 - 0x00007ffbf442b000 	C:\WINDOWS\System32\windows.storage.dll
0x00007ffbf3a00000 - 0x00007ffbf3a1e000 	C:\WINDOWS\System32\profapi.dll
0x00007ffbf3a20000 - 0x00007ffbf3a6a000 	C:\WINDOWS\System32\powrprof.dll
0x00007ffbf39d0000 - 0x00007ffbf39e0000 	C:\WINDOWS\System32\UMPDC.dll
0x00007ffbf5640000 - 0x00007ffbf5692000 	C:\WINDOWS\System32\shlwapi.dll
0x00007ffbf3af0000 - 0x00007ffbf3b07000 	C:\WINDOWS\System32\cryptsp.dll
0x00007ffbf17f0000 - 0x00007ffbf1809000 	D:\jdk15\bin\net.dll
0x00007ffbedd80000 - 0x00007ffbede7a000 	C:\WINDOWS\SYSTEM32\WINHTTP.dll
0x00007ffbf31b0000 - 0x00007ffbf3217000 	C:\WINDOWS\system32\mswsock.dll
0x00007ffbf1770000 - 0x00007ffbf1782000 	D:\jdk15\bin\nio.dll
0x00007ffbf1760000 - 0x00007ffbf1770000 	D:\jdk15\bin\verify.dll
0x00007ffbf16f0000 - 0x00007ffbf170a000 	D:\IntelliJ IDEA 2019.3.5\bin\breakgen64.dll
0x00007ffbf1730000 - 0x00007ffbf1748000 	D:\jdk15\bin\zip.dll

dbghelp: loaded successfully - version: 4.0.5 - missing functions: none
symbol engine: initialized successfully - sym options: 0x614 - pdb path: (cannot be retrieved)

VM Arguments:
jvm_args: -ea -Didea.test.cyclic.buffer.size=1048576 -Didea.launcher.port=61821 -Didea.launcher.bin.path=D:\IntelliJ IDEA 2019.3.5\bin -Dfile.encoding=UTF-8 
java_command: com.intellij.rt.execution.application.AppMainV2 com.intellij.rt.junit.JUnitStarter -ideVersion5 -junit4 StudentMapperTest,InsertStudentTest
java_class_path (initial): D:\IntelliJ IDEA 2019.3.5\lib\idea_rt.jar;D:\IntelliJ IDEA 2019.3.5\plugins\junit\lib\junit5-rt.jar;D:\IntelliJ IDEA 2019.3.5\plugins\junit\lib\junit-rt.jar;D:\IntelliJ IDEA 2020.3\idea_project\MybatisStudy\Mybatis04\target\test-classes;D:\IntelliJ IDEA 2020.3\idea_project\MybatisStudy\Mybatis04\target\classes;D:\MAVEN_repository\mysql\mysql-connector-java\5.1.46\mysql-connector-java-5.1.46.jar;D:\MAVEN_repository\org\mybatis\mybatis\3.5.2\mybatis-3.5.2.jar;D:\MAVEN_repository\junit\junit\4.12\junit-4.12.jar;D:\MAVEN_repository\org\hamcrest\hamcrest-core\1.3\hamcrest-core-1.3.jar;D:\MAVEN_repository\org\projectlombok\lombok\1.18.18\lombok-1.18.18.jar
Launcher Type: SUN_STANDARD

[Global flags]
     intx CICompilerCount                          = 4                                         {product} {ergonomic}
     uint ConcGCThreads                            = 2                                         {product} {ergonomic}
     uint G1ConcRefinementThreads                  = 8                                         {product} {ergonomic}
   size_t G1HeapRegionSize                         = 2097152                                   {product} {ergonomic}
    uintx GCDrainStackTargetSize                   = 64                                        {product} {ergonomic}
   size_t InitialHeapSize                          = 266338304                                 {product} {ergonomic}
   size_t MarkStackSize                            = 4194304                                   {product} {ergonomic}
   size_t MaxHeapSize                              = 4253024256                                {product} {ergonomic}
   size_t MaxNewSize                               = 2550136832                                {product} {ergonomic}
   size_t MinHeapDeltaBytes                        = 2097152                                   {product} {ergonomic}
   size_t MinHeapSize                              = 8388608                                   {product} {ergonomic}
    uintx NonNMethodCodeHeapSize                   = 5839372                                {pd product} {ergonomic}
    uintx NonProfiledCodeHeapSize                  = 122909434                              {pd product} {ergonomic}
    uintx ProfiledCodeHeapSize                     = 122909434                              {pd product} {ergonomic}
    uintx ReservedCodeCacheSize                    = 251658240                              {pd product} {ergonomic}
     bool SegmentedCodeCache                       = true                                      {product} {ergonomic}
   size_t SoftMaxHeapSize                          = 4253024256                             {manageable} {ergonomic}
     bool UseCompressedClassPointers               = true                                 {lp64_product} {ergonomic}
     bool UseCompressedOops                        = true                                 {lp64_product} {ergonomic}
     bool UseG1GC                                  = true                                      {product} {ergonomic}
     bool UseLargePagesIndividualAllocation        = false                                  {pd product} {ergonomic}

Logging:
Log output configuration:
 #0: stdout all=warning uptime,level,tags
 #1: stderr all=off uptime,level,tags

Environment Variables:
JAVA_HOME=D:\jdk15
CLASSPATH=D:\jdk15\lib;D:\jdk15\lib\tools.jar
PATH=C:\Program Files\Common Files\Oracle\Java\javapath;C:\WINDOWS\system32;C:\WINDOWS;C:\WINDOWS\System32\Wbem;C:\WINDOWS\System32\WindowsPowerShell\v1.0;C:\WINDOWS\System32\OpenSSH;F:\go\bin;D:\jdk15\bin;D:\jdk15\jre\bin;D:\Tomcat9.0\lib;D:\Tomcat9.0\bin;D:\mysql-5.7.32-winx64\bin;D:\apache-maven-3.6.3\bin;D:\Anaconda;D:\Anaconda\Library\mingw-w64\bin;D:\Anaconda\Library\usr\bin;D:\Anaconda\Library\bin;D:\Anaconda\Scripts;C:\Users\Administrator\AppData\Local\Microsoft\WindowsApps;D:\PyCharm 2018.3.5\bin;;F:\go\bin;C:\Users\Administrator\go\bin;;D:\IntelliJ IDEA 2019.3.5\bin;
USERNAME=Administrator
OS=Windows_NT
PROCESSOR_IDENTIFIER=Intel64 Family 6 Model 158 Stepping 13, GenuineIntel



---------------  S Y S T E M  ---------------

OS:
 Windows 10 , 64 bit Build 18362 (10.0.18362.1350)
OS uptime: 4 days 1:32 hours

CPU: total 8 (initial active 8) (8 cores per cpu, 1 threads per core) family 6 model 158 stepping 13 microcode 0xb0, cmov, cx8, fxsr, mmx, sse, sse2, sse3, ssse3, sse4.1, sse4.2, popcnt, vzeroupper, avx, avx2, aes, clmul, erms, rtm, 3dnowpref, lzcnt, tsc, tscinvbit, bmi1, bmi2, adx, fma, clflush, clflushopt

Memory: 4k page, system-wide physical 16218M (3070M free)
TotalPageFile size 65370M (AvailPageFile size 2M)
current process WorkingSet (physical memory assigned to process): 65M, peak: 65M
current process commit charge ("private bytes"): 355M, peak: 356M

vm_info: Java HotSpot(TM) 64-Bit Server VM (15.0.1+9-18) for windows-amd64 JRE (15.0.1+9-18), built on Sep 15 2020 14:43:54 by "mach5one" with unknown MS VC++:1925

END.
